<?xml version="1.0" encoding="UTF-8"?>
<coverage generated="1733454526686" clover="3.2.0">
  <project timestamp="1733454526686" name="All files">
    <metrics statements="15" coveredstatements="15" conditionals="2" coveredconditionals="2" methods="0" coveredmethods="0" elements="17" coveredelements="17" complexity="0" loc="15" ncloc="15" packages="1" files="1" classes="1"/>
    <file name="app.js" path="/Users/willcastillo/Desktop/Green River College/BAS Classes/Fall 2024/SDEV 372 - Cloud Application Deployment/372-integration-tests/src/app.js">
      <metrics statements="15" coveredstatements="15" conditionals="2" coveredconditionals="2" methods="0" coveredmethods="0"/>
      <line num="1" count="1" type="cond" truecount="1" falsecount="0"/>
      <line num="2" count="1" type="stmt"/>
      <line num="3" count="1" type="stmt"/>
      <line num="4" count="1" type="stmt"/>
      <line num="5" count="1" type="cond" truecount="1" falsecount="0"/>
      <line num="6" count="2" type="stmt"/>
      <line num="7" count="2" type="stmt"/>
      <line num="8" count="2" type="stmt"/>
      <line num="9" count="2" type="stmt"/>
      <line num="10" count="2" type="stmt"/>
      <line num="11" count="2" type="stmt"/>
      <line num="12" count="2" type="stmt"/>
      <line num="13" count="1" type="stmt"/>
      <line num="14" count="1" type="stmt"/>
      <line num="15" count="1" type="stmt"/>
    </file>
  </project>
</coverage>
